  main.cpp
e:\jing_zhong\osg_demo\osg_demo\tiny_gltf.h : warning C4819: 该文件包含不能在当前代码页(936)中表示的字符。请将该文件保存为 Unicode 格式以防止数据丢失
e:\jing_zhong\osg_demo\osg_demo\tiny_gltf.h(901): warning C4819: 该文件包含不能在当前代码页(936)中表示的字符。请将该文件保存为 Unicode 格式以防止数据丢失
D:\Program Files (x86)\Microsoft Visual Studio 2015\VC\include\utility(172): warning C4244: “初始化”: 从“unsigned __int64”转换到“int”，可能丢失数据
  main.cpp(2523): note: 参见对正在编译的函数 模板 实例化“std::pair<std::string,int>::pair<const char(&)[9],unsigned __int64,void,0>(_Other1,_Other2 &&) noexcept(false)”的引用
          with
          [
              _Other1=const char (&)[9],
              _Other2=unsigned __int64
          ]
  main.cpp(2522): note: 参见对正在编译的函数 模板 实例化“std::pair<std::string,int>::pair<const char(&)[9],unsigned __int64,void,0>(_Other1,_Other2 &&) noexcept(false)”的引用
          with
          [
              _Other1=const char (&)[9],
              _Other2=unsigned __int64
          ]
    正在创建库 E:\jing_zhong\OSG_Demo\x64\Release\OSG_Demo.lib 和对象 E:\jing_zhong\OSG_Demo\x64\Release\OSG_Demo.exp
  正在生成代码
  66 of 6815 functions ( 1.0%) were compiled, the rest were copied from previous compilation.
    0 functions were new in current compilation
    62 functions had inline decision re-evaluated but remain unchanged
  已完成代码的生成
  OSG_Demo.vcxproj -> E:\jing_zhong\OSG_Demo\x64\Release\OSG_Demo.exe
  OSG_Demo.vcxproj -> E:\jing_zhong\OSG_Demo\x64\Release\OSG_Demo.pdb (Full PDB)
