e:\jing_zhong\osg_demo\osg_demo\x64\release\vc140.pdb
e:\jing_zhong\osg_demo\osg_demo\x64\release\tinyxml2.obj
e:\jing_zhong\osg_demo\osg_demo\x64\release\osgbpagelodvisitor.obj
e:\jing_zhong\osg_demo\osg_demo\x64\release\main.obj
e:\jing_zhong\osg_demo\osg_demo\x64\release\jjg.obj
e:\jing_zhong\osg_demo\osg_demo\x64\release\dxt_img.obj
e:\jing_zhong\osg_demo\osg_demo\x64\release\b3dm2gltf.obj
e:\jing_zhong\osg_demo\x64\release\osg_demo.exe
e:\jing_zhong\osg_demo\x64\release\osg_demo.ipdb
e:\jing_zhong\osg_demo\x64\release\osg_demo.iobj
e:\jing_zhong\osg_demo\x64\release\osg_demo.pdb
e:\jing_zhong\osg_demo\x64\release\osg_demo.lib
e:\jing_zhong\osg_demo\x64\release\osg_demo.exp
e:\jing_zhong\osg_demo\osg_demo\x64\release\osg_demo.tlog\cl.command.1.tlog
e:\jing_zhong\osg_demo\osg_demo\x64\release\osg_demo.tlog\cl.read.1.tlog
e:\jing_zhong\osg_demo\osg_demo\x64\release\osg_demo.tlog\cl.write.1.tlog
e:\jing_zhong\osg_demo\osg_demo\x64\release\osg_demo.tlog\link.command.1.tlog
e:\jing_zhong\osg_demo\osg_demo\x64\release\osg_demo.tlog\link.read.1.tlog
e:\jing_zhong\osg_demo\osg_demo\x64\release\osg_demo.tlog\link.write.1.tlog
e:\jing_zhong\osg_demo\osg_demo\x64\release\osg_demo.tlog\osg_demo.write.1u.tlog
